  Aplicatopn.cpp
Aplicatopn.obj : error LNK2019: _glfwInit 외부 기호(참조 위치: _main 함수)에서 확인하지 못했습니다.
Aplicatopn.obj : error LNK2019: _glfwTerminate 외부 기호(참조 위치: _main 함수)에서 확인하지 못했습니다.
Aplicatopn.obj : error LNK2019: _glfwCreateWindow 외부 기호(참조 위치: _main 함수)에서 확인하지 못했습니다.
Aplicatopn.obj : error LNK2019: _glfwWindowShouldClose 외부 기호(참조 위치: _main 함수)에서 확인하지 못했습니다.
Aplicatopn.obj : error LNK2019: _glfwPollEvents 외부 기호(참조 위치: _main 함수)에서 확인하지 못했습니다.
Aplicatopn.obj : error LNK2019: _glfwMakeContextCurrent 외부 기호(참조 위치: _main 함수)에서 확인하지 못했습니다.
Aplicatopn.obj : error LNK2019: _glfwSwapBuffers 외부 기호(참조 위치: _main 함수)에서 확인하지 못했습니다.
Aplicatopn.obj : error LNK2019: _strlen 외부 기호(참조 위치: "public: static unsigned int __cdecl std::char_traits<char>::length(char const * const)" (?length@?$char_traits@D@std@@SAIQBD@Z) 함수)에서 확인하지 못했습니다.
Aplicatopn.obj : error LNK2019: "bool __cdecl std::uncaught_exception(void)" (?uncaught_exception@std@@YA_NXZ) 외부 기호(참조 위치: "public: __thiscall std::basic_ostream<char,struct std::char_traits<char> >::sentry::~sentry(void)" (??1sentry@?$basic_ostream@DU?$char_traits@D@std@@@std@@QAE@XZ) 함수)에서 확인하지 못했습니다.
Aplicatopn.obj : error LNK2019: "__declspec(dllimport) public: bool __thiscall std::ios_base::good(void)const " (__imp_?good@ios_base@std@@QBE_NXZ) 외부 기호(참조 위치: "public: __thiscall std::basic_ostream<char,struct std::char_traits<char> >::sentry::sentry(class std::basic_ostream<char,struct std::char_traits<char> > &)" (??0sentry@?$basic_ostream@DU?$char_traits@D@std@@@std@@QAE@AAV12@@Z) 함수)에서 확인하지 못했습니다.
Aplicatopn.obj : error LNK2019: "__declspec(dllimport) public: int __thiscall std::ios_base::flags(void)const " (__imp_?flags@ios_base@std@@QBEHXZ) 외부 기호(참조 위치: "class std::basic_ostream<char,struct std::char_traits<char> > & __cdecl std::operator<<<struct std::char_traits<char> >(class std::basic_ostream<char,struct std::char_traits<char> > &,char const *)" (??$?6U?$char_traits@D@std@@@std@@YAAAV?$basic_ostream@DU?$char_traits@D@std@@@0@AAV10@PBD@Z) 함수)에서 확인하지 못했습니다.
Aplicatopn.obj : error LNK2019: "__declspec(dllimport) public: __int64 __thiscall std::ios_base::width(void)const " (__imp_?width@ios_base@std@@QBE_JXZ) 외부 기호(참조 위치: "class std::basic_ostream<char,struct std::char_traits<char> > & __cdecl std::operator<<<struct std::char_traits<char> >(class std::basic_ostream<char,struct std::char_traits<char> > &,char const *)" (??$?6U?$char_traits@D@std@@@std@@YAAAV?$basic_ostream@DU?$char_traits@D@std@@@0@AAV10@PBD@Z) 함수)에서 확인하지 못했습니다.
Aplicatopn.obj : error LNK2019: "__declspec(dllimport) public: __int64 __thiscall std::ios_base::width(__int64)" (__imp_?width@ios_base@std@@QAE_J_J@Z) 외부 기호(참조 위치: "class std::basic_ostream<char,struct std::char_traits<char> > & __cdecl std::operator<<<struct std::char_traits<char> >(class std::basic_ostream<char,struct std::char_traits<char> > &,char const *)" (??$?6U?$char_traits@D@std@@@std@@YAAAV?$basic_ostream@DU?$char_traits@D@std@@@0@AAV10@PBD@Z) 함수)에서 확인하지 못했습니다.
Aplicatopn.obj : error LNK2019: "__declspec(dllimport) public: int __thiscall std::basic_streambuf<char,struct std::char_traits<char> >::sputc(char)" (__imp_?sputc@?$basic_streambuf@DU?$char_traits@D@std@@@std@@QAEHD@Z) 외부 기호(참조 위치: "class std::basic_ostream<char,struct std::char_traits<char> > & __cdecl std::operator<<<struct std::char_traits<char> >(class std::basic_ostream<char,struct std::char_traits<char> > &,char const *)" (??$?6U?$char_traits@D@std@@@std@@YAAAV?$basic_ostream@DU?$char_traits@D@std@@@0@AAV10@PBD@Z) 함수)에서 확인하지 못했습니다.
Aplicatopn.obj : error LNK2019: "__declspec(dllimport) public: __int64 __thiscall std::basic_streambuf<char,struct std::char_traits<char> >::sputn(char const *,__int64)" (__imp_?sputn@?$basic_streambuf@DU?$char_traits@D@std@@@std@@QAE_JPBD_J@Z) 외부 기호(참조 위치: "class std::basic_ostream<char,struct std::char_traits<char> > & __cdecl std::operator<<<struct std::char_traits<char> >(class std::basic_ostream<char,struct std::char_traits<char> > &,char const *)" (??$?6U?$char_traits@D@std@@@std@@YAAAV?$basic_ostream@DU?$char_traits@D@std@@@0@AAV10@PBD@Z) 함수)에서 확인하지 못했습니다.
Aplicatopn.obj : error LNK2019: "__declspec(dllimport) public: void __thiscall std::basic_ios<char,struct std::char_traits<char> >::setstate(int,bool)" (__imp_?setstate@?$basic_ios@DU?$char_traits@D@std@@@std@@QAEXH_N@Z) 외부 기호(참조 위치: __catch$??$?6U?$char_traits@D@std@@@std@@YAAAV?$basic_ostream@DU?$char_traits@D@std@@@0@AAV10@PBD@Z$0 함수)에서 확인하지 못했습니다.
Aplicatopn.obj : error LNK2019: "__declspec(dllimport) public: class std::basic_ostream<char,struct std::char_traits<char> > * __thiscall std::basic_ios<char,struct std::char_traits<char> >::tie(void)const " (__imp_?tie@?$basic_ios@DU?$char_traits@D@std@@@std@@QBEPAV?$basic_ostream@DU?$char_traits@D@std@@@2@XZ) 외부 기호(참조 위치: "public: __thiscall std::basic_ostream<char,struct std::char_traits<char> >::sentry::sentry(class std::basic_ostream<char,struct std::char_traits<char> > &)" (??0sentry@?$basic_ostream@DU?$char_traits@D@std@@@std@@QAE@AAV12@@Z) 함수)에서 확인하지 못했습니다.
Aplicatopn.obj : error LNK2019: "__declspec(dllimport) public: class std::basic_streambuf<char,struct std::char_traits<char> > * __thiscall std::basic_ios<char,struct std::char_traits<char> >::rdbuf(void)const " (__imp_?rdbuf@?$basic_ios@DU?$char_traits@D@std@@@std@@QBEPAV?$basic_streambuf@DU?$char_traits@D@std@@@2@XZ) 외부 기호(참조 위치: "class std::basic_ostream<char,struct std::char_traits<char> > & __cdecl std::operator<<<struct std::char_traits<char> >(class std::basic_ostream<char,struct std::char_traits<char> > &,char const *)" (??$?6U?$char_traits@D@std@@@std@@YAAAV?$basic_ostream@DU?$char_traits@D@std@@@0@AAV10@PBD@Z) 함수)에서 확인하지 못했습니다.
Aplicatopn.obj : error LNK2019: "__declspec(dllimport) public: char __thiscall std::basic_ios<char,struct std::char_traits<char> >::fill(void)const " (__imp_?fill@?$basic_ios@DU?$char_traits@D@std@@@std@@QBEDXZ) 외부 기호(참조 위치: "class std::basic_ostream<char,struct std::char_traits<char> > & __cdecl std::operator<<<struct std::char_traits<char> >(class std::basic_ostream<char,struct std::char_traits<char> > &,char const *)" (??$?6U?$char_traits@D@std@@@std@@YAAAV?$basic_ostream@DU?$char_traits@D@std@@@0@AAV10@PBD@Z) 함수)에서 확인하지 못했습니다.
Aplicatopn.obj : error LNK2019: "__declspec(dllimport) public: char __thiscall std::basic_ios<char,struct std::char_traits<char> >::widen(char)const " (__imp_?widen@?$basic_ios@DU?$char_traits@D@std@@@std@@QBEDD@Z) 외부 기호(참조 위치: "class std::basic_ostream<char,struct std::char_traits<char> > & __cdecl std::endl<char,struct std::char_traits<char> >(class std::basic_ostream<char,struct std::char_traits<char> > &)" (??$endl@DU?$char_traits@D@std@@@std@@YAAAV?$basic_ostream@DU?$char_traits@D@std@@@0@AAV10@@Z) 함수)에서 확인하지 못했습니다.
Aplicatopn.obj : error LNK2019: "__declspec(dllimport) public: void __thiscall std::basic_ostream<char,struct std::char_traits<char> >::_Osfx(void)" (__imp_?_Osfx@?$basic_ostream@DU?$char_traits@D@std@@@std@@QAEXXZ) 외부 기호(참조 위치: "public: __thiscall std::basic_ostream<char,struct std::char_traits<char> >::sentry::~sentry(void)" (??1sentry@?$basic_ostream@DU?$char_traits@D@std@@@std@@QAE@XZ) 함수)에서 확인하지 못했습니다.
Aplicatopn.obj : error LNK2019: "__declspec(dllimport) public: class std::basic_ostream<char,struct std::char_traits<char> > & __thiscall std::basic_ostream<char,struct std::char_traits<char> >::operator<<(class std::basic_ostream<char,struct std::char_traits<char> > & (__cdecl*)(class std::basic_ostream<char,struct std::char_traits<char> > &))" (__imp_??6?$basic_ostream@DU?$char_traits@D@std@@@std@@QAEAAV01@P6AAAV01@AAV01@@Z@Z) 외부 기호(참조 위치: _main 함수)에서 확인하지 못했습니다.
Aplicatopn.obj : error LNK2019: "__declspec(dllimport) public: class std::basic_ostream<char,struct std::char_traits<char> > & __thiscall std::basic_ostream<char,struct std::char_traits<char> >::put(char)" (__imp_?put@?$basic_ostream@DU?$char_traits@D@std@@@std@@QAEAAV12@D@Z) 외부 기호(참조 위치: "class std::basic_ostream<char,struct std::char_traits<char> > & __cdecl std::endl<char,struct std::char_traits<char> >(class std::basic_ostream<char,struct std::char_traits<char> > &)" (??$endl@DU?$char_traits@D@std@@@std@@YAAAV?$basic_ostream@DU?$char_traits@D@std@@@0@AAV10@@Z) 함수)에서 확인하지 못했습니다.
Aplicatopn.obj : error LNK2019: "__declspec(dllimport) public: class std::basic_ostream<char,struct std::char_traits<char> > & __thiscall std::basic_ostream<char,struct std::char_traits<char> >::flush(void)" (__imp_?flush@?$basic_ostream@DU?$char_traits@D@std@@@std@@QAEAAV12@XZ) 외부 기호(참조 위치: "class std::basic_ostream<char,struct std::char_traits<char> > & __cdecl std::endl<char,struct std::char_traits<char> >(class std::basic_ostream<char,struct std::char_traits<char> > &)" (??$endl@DU?$char_traits@D@std@@@std@@YAAAV?$basic_ostream@DU?$char_traits@D@std@@@0@AAV10@@Z) 함수)에서 확인하지 못했습니다.
Aplicatopn.obj : error LNK2019: @_RTC_CheckStackVars@8 외부 기호(참조 위치: __catch$??$?6U?$char_traits@D@std@@@std@@YAAAV?$basic_ostream@DU?$char_traits@D@std@@@0@AAV10@PBD@Z$0 함수)에서 확인하지 못했습니다.
Aplicatopn.obj : error LNK2019: @__security_check_cookie@4 외부 기호(참조 위치: __catch$??$?6U?$char_traits@D@std@@@std@@YAAAV?$basic_ostream@DU?$char_traits@D@std@@@0@AAV10@PBD@Z$0 함수)에서 확인하지 못했습니다.
Aplicatopn.obj : error LNK2019: __RTC_CheckEsp 외부 기호(참조 위치: "class std::basic_ostream<char,struct std::char_traits<char> > & __cdecl std::operator<<<struct std::char_traits<char> >(class std::basic_ostream<char,struct std::char_traits<char> > &,char const *)" (??$?6U?$char_traits@D@std@@@std@@YAAAV?$basic_ostream@DU?$char_traits@D@std@@@0@AAV10@PBD@Z) 함수)에서 확인하지 못했습니다.
Aplicatopn.obj : error LNK2001: __RTC_InitBase 외부 기호를 확인할 수 없습니다.
Aplicatopn.obj : error LNK2001: __RTC_Shutdown 외부 기호를 확인할 수 없습니다.
Aplicatopn.obj : error LNK2019: ___CxxFrameHandler3 외부 기호(참조 위치: __unwindfunclet$??$?6U?$char_traits@D@std@@@std@@YAAAV?$basic_ostream@DU?$char_traits@D@std@@@0@AAV10@PBD@Z$2 함수)에서 확인하지 못했습니다.
Aplicatopn.obj : error LNK2001: __imp____glewBindBuffer 외부 기호를 확인할 수 없습니다.
Aplicatopn.obj : error LNK2001: __imp____glewBufferData 외부 기호를 확인할 수 없습니다.
Aplicatopn.obj : error LNK2001: __imp____glewGenBuffers 외부 기호를 확인할 수 없습니다.
Aplicatopn.obj : error LNK2001: "__declspec(dllimport) class std::basic_ostream<char,struct std::char_traits<char> > std::cout" (__imp_?cout@std@@3V?$basic_ostream@DU?$char_traits@D@std@@@1@A) 외부 기호를 확인할 수 없습니다.
Aplicatopn.obj : error LNK2019: ___security_cookie 외부 기호(참조 위치: "class std::basic_ostream<char,struct std::char_traits<char> > & __cdecl std::operator<<<struct std::char_traits<char> >(class std::basic_ostream<char,struct std::char_traits<char> > &,char const *)" (??$?6U?$char_traits@D@std@@@std@@YAAAV?$basic_ostream@DU?$char_traits@D@std@@@0@AAV10@PBD@Z) 함수)에서 확인하지 못했습니다.
Aplicatopn.obj : error LNK2001: __fltused 외부 기호를 확인할 수 없습니다.
LINK : error LNK2001: _mainCRTStartup 외부 기호를 확인할 수 없습니다.
D:\10-study\OPENGL\ChernoOpenGL\Linking\GLEW\lib\glew32.lib : warning LNK4272: 'x64' 라이브러리 컴퓨터 종류가 'x86' 대상 컴퓨터 종류와 충돌합니다.
D:\10-study\OPENGL\ChernoOpenGL\Linking\GLFW\lib\glfw3.lib : warning LNK4272: 'x64' 라이브러리 컴퓨터 종류가 'x86' 대상 컴퓨터 종류와 충돌합니다.
D:\10-study\OPENGL\ChernoOpenGL\Debug\ChernoOpenGL.exe : fatal error LNK1120: 37개의 확인할 수 없는 외부 참조입니다.
